<?xml version="1.0" encoding="UTF-8"?>
<!-- Generated by org.testng.reporters.JUnitReportReporter -->
<testsuite hostname="ISW-230323-1218" failures="0" tests="9" name="com.rebirthQuickteller.TestCases.ValidateLoginIn" time="124.432" errors="0" timestamp="27 Apr 2023 23:27:02 GMT" skipped="0">
  <testcase classname="com.rebirthQuickteller.TestCases.ValidateLoginIn" name="InvalidEmailInput" time="6.375"/>
  <testcase classname="com.rebirthQuickteller.TestCases.ValidateLoginIn" name="UnregisteredEmailValidPassword" time="10.591"/>
  <testcase classname="com.rebirthQuickteller.TestCases.ValidateLoginIn" name="ValidEmailInvalidPassword" time="14.047"/>
  <testcase classname="com.rebirthQuickteller.TestCases.ValidateLoginIn" name="ValidEmailValidPassword" time="14.802"/>
  <testcase classname="com.rebirthQuickteller.TestCases.ValidateLoginIn" name="ValidateEmailLoginWithRememberMe" time="28.898"/>
  <testcase classname="com.rebirthQuickteller.TestCases.ValidateLoginIn" name="InvalidPhoneNumbernput" time="9.700"/>
  <testcase classname="com.rebirthQuickteller.TestCases.ValidateLoginIn" name="UnRegisteredPhonenumberValidPassword" time="11.249"/>
  <testcase classname="com.rebirthQuickteller.TestCases.ValidateLoginIn" name="ValidPhoneNumberInvalidPassword" time="14.748"/>
  <testcase classname="com.rebirthQuickteller.TestCases.ValidateLoginIn" name="ValidPhoneNumberValidPassword" time="14.022"/>
</testsuite> <!-- com.rebirthQuickteller.TestCases.ValidateLoginIn -->
