<?xml version="1.0" encoding="UTF-8"?>
<!-- Generated by org.testng.reporters.JUnitReportReporter -->
<testsuite hostname="ISW-230323-1218" failures="0" tests="3" name="com.rebirthQuickteller.TestCases.ValidateLoginWithEmail" time="39.089" errors="0" timestamp="06 Apr 2023 12:05:15 GMT" skipped="0">
  <testcase classname="com.rebirthQuickteller.TestCases.ValidateLoginWithEmail" name="check1" time="12.888"/>
  <testcase classname="com.rebirthQuickteller.TestCases.ValidateLoginWithEmail" name="check2" time="13.692"/>
  <testcase classname="com.rebirthQuickteller.TestCases.ValidateLoginWithEmail" name="SigninEmail" time="12.509"/>
</testsuite> <!-- com.rebirthQuickteller.TestCases.ValidateLoginWithEmail -->
