<?xml version="1.0" encoding="UTF-8"?>
<!-- Generated by org.testng.reporters.JUnitReportReporter -->
<testsuite hostname="ISW-230323-1218" failures="0" tests="1" name="com.rebirthQuickteller.TestCases.ValidateLogin" time="13.249" errors="0" timestamp="05 Apr 2023 14:15:15 GMT" skipped="0">
  <testcase classname="com.rebirthQuickteller.TestCases.ValidateLogin" name="RebirthQuicktellerSignin" time="13.249"/>
</testsuite> <!-- com.rebirthQuickteller.TestCases.ValidateLogin -->
