<?xml version="1.0" encoding="UTF-8"?>
<!-- Generated by org.testng.reporters.JUnitReportReporter -->
<testsuite hostname="ISW-230323-1218" failures="0" tests="14" name="com.rebirthQuickteller.TestCases.ValidateLogin" time="75.039" errors="0" timestamp="06 Dec 2023 10:57:43 GMT" skipped="0">
  <testcase classname="com.rebirthQuickteller.TestCases.ValidateLogin" name="LoginWithInvalidEmailInput" time="1.243"/>
  <testcase classname="com.rebirthQuickteller.TestCases.ValidateLogin" name="LoginWithUnregisteredEmail" time="2.733"/>
  <testcase classname="com.rebirthQuickteller.TestCases.ValidateLogin" name="EmailLoginWithEmptyEmailAddressField" time="0.997"/>
  <testcase classname="com.rebirthQuickteller.TestCases.ValidateLogin" name="EmailLoginWithEmptyPasswordField" time="1.066"/>
  <testcase classname="com.rebirthQuickteller.TestCases.ValidateLogin" name="EmailLoginwithInvalidPassword" time="6.921"/>
  <testcase classname="com.rebirthQuickteller.TestCases.ValidateLogin" name="EmailLoginwithValidcredentials" time="6.826"/>
  <testcase classname="com.rebirthQuickteller.TestCases.ValidateLogin" name="ValidateEmailLoginWithRememberMe" time="15.190"/>
  <testcase classname="com.rebirthQuickteller.TestCases.ValidateLogin" name="LoginWithInvalidPhoneNumberInput" time="0.904"/>
  <testcase classname="com.rebirthQuickteller.TestCases.ValidateLogin" name="LoginWithUnRegisteredPhonenumber" time="4.706"/>
  <testcase classname="com.rebirthQuickteller.TestCases.ValidateLogin" name="LoginWithEmptyPhonenumberField" time="1.120"/>
  <testcase classname="com.rebirthQuickteller.TestCases.ValidateLogin" name="phoneNumberLoginWithEmptyPasswordField" time="0.980"/>
  <testcase classname="com.rebirthQuickteller.TestCases.ValidateLogin" name="PhoneNumberLoginWithInvalidPassword" time="6.449"/>
  <testcase classname="com.rebirthQuickteller.TestCases.ValidateLogin" name="PhoneNumberLoginWithValidCredentials" time="8.842"/>
  <testcase classname="com.rebirthQuickteller.TestCases.ValidateLogin" name="ValidatePhonenumberLoginWithRememberMe" time="17.062"/>
</testsuite> <!-- com.rebirthQuickteller.TestCases.ValidateLogin -->
