<?xml version="1.0" encoding="UTF-8"?>
<!-- Generated by org.testng.reporters.JUnitReportReporter -->
<testsuite hostname="ISW-230323-1218" failures="0" tests="1" name="com.rebirthQuickteller.TestCases.validEmail_invalidPasswordLogin" time="12.923" errors="0" timestamp="04 Apr 2023 15:04:04 GMT" skipped="0">
  <testcase classname="com.rebirthQuickteller.TestCases.validEmail_invalidPasswordLogin" name="RebirthQuicktellerInvalidSignin" time="12.923"/>
</testsuite> <!-- com.rebirthQuickteller.TestCases.validEmail_invalidPasswordLogin -->
