<?xml version="1.0" encoding="UTF-8"?>
<!-- Generated by org.testng.reporters.JUnitReportReporter -->
<testsuite hostname="ISW-230323-1218" failures="0" tests="2" name="com.rebirthQuickteller.TestCases.Recharge" time="65.378" errors="0" timestamp="28 Apr 2023 06:06:51 GMT" skipped="0">
  <testcase classname="com.rebirthQuickteller.TestCases.Recharge" name="AirtimeRecharge" time="53.465"/>
  <testcase classname="com.rebirthQuickteller.TestCases.Recharge" name="InvalidphoneNumberAirtimeRecharge" time="11.913"/>
</testsuite> <!-- com.rebirthQuickteller.TestCases.Recharge -->
