<?xml version="1.0" encoding="UTF-8"?>
<!-- Generated by org.testng.reporters.JUnitReportReporter -->
<testsuite hostname="ISW-230323-1218" failures="0" tests="1" name="com.rebirthQuickteller.TestCases.ValidateLoginWithPhoneNumber" time="15.081" errors="0" timestamp="18 Apr 2023 13:00:43 GMT" skipped="0">
  <testcase classname="com.rebirthQuickteller.TestCases.ValidateLoginWithPhoneNumber" name="WrongPhonenumber_ValidPassword_phoneNumberLoginTest" time="15.081"/>
</testsuite> <!-- com.rebirthQuickteller.TestCases.ValidateLoginWithPhoneNumber -->
