<?xml version="1.0" encoding="UTF-8"?>
<!-- Generated by org.testng.reporters.JUnitReportReporter -->
<testsuite hostname="ISW-230323-1218" failures="0" tests="3" name="com.rebirthQuickteller.TestCases.ValidateLoginWithPhoneNumber" time="46.662" errors="0" timestamp="06 Apr 2023 12:05:15 GMT" skipped="0">
  <testcase classname="com.rebirthQuickteller.TestCases.ValidateLoginWithPhoneNumber" name="Check1" time="15.070"/>
  <testcase classname="com.rebirthQuickteller.TestCases.ValidateLoginWithPhoneNumber" name="Check2" time="17.996"/>
  <testcase classname="com.rebirthQuickteller.TestCases.ValidateLoginWithPhoneNumber" name="SignInPhonenumber" time="13.596"/>
</testsuite> <!-- com.rebirthQuickteller.TestCases.ValidateLoginWithPhoneNumber -->
