<?xml version="1.0" encoding="UTF-8"?>
<!-- Generated by org.testng.reporters.JUnitReportReporter -->
<testsuite hostname="ISW-230323-1218" failures="0" tests="3" name="com.rebirthQuickteller.TestCase.ValidateLoginWithEmaill" time="40.592" errors="0" timestamp="18 Apr 2023 16:20:25 GMT" skipped="0">
  <testcase classname="com.rebirthQuickteller.TestCase.ValidateLoginWithEmaill" name="UnregisteredEmailValidPassword" time="11.262"/>
  <testcase classname="com.rebirthQuickteller.TestCase.ValidateLoginWithEmaill" name="ValidEmailInvalidPassword" time="15.502"/>
  <testcase classname="com.rebirthQuickteller.TestCase.ValidateLoginWithEmaill" name="ValidUsernameValidPassword" time="13.828"/>
</testsuite> <!-- com.rebirthQuickteller.TestCase.ValidateLoginWithEmaill -->
