<?xml version="1.0" encoding="UTF-8"?>
<!-- Generated by org.testng.reporters.JUnitReportReporter -->
<testsuite hostname="ISW-230323-1218" failures="0" tests="3" name="com.rebirthQuickteller.TestCases.ValidateLoginWithEmail" time="38.407" errors="0" timestamp="07 Apr 2023 07:37:08 GMT" skipped="0">
  <testcase classname="com.rebirthQuickteller.TestCases.ValidateLoginWithEmail" name="WrongEmail_ValidPassword_EmailLoginTest" time="12.471"/>
  <testcase classname="com.rebirthQuickteller.TestCases.ValidateLoginWithEmail" name="ValidEmail_InvalidPassword_EmailLoginTest" time="13.639"/>
  <testcase classname="com.rebirthQuickteller.TestCases.ValidateLoginWithEmail" name="ValidCredentials_EmailLoginTest" time="12.297"/>
</testsuite> <!-- com.rebirthQuickteller.TestCases.ValidateLoginWithEmail -->
