<?xml version="1.0" encoding="UTF-8"?>
<!-- Generated by org.testng.reporters.JUnitReportReporter -->
<testsuite hostname="ISW-230323-1218" failures="0" tests="3" name="com.rebirthQuickteller.TestCases.ValidateLoginWithPhoneNumber" time="42.541" errors="0" timestamp="07 Apr 2023 07:37:08 GMT" skipped="0">
  <testcase classname="com.rebirthQuickteller.TestCases.ValidateLoginWithPhoneNumber" name="WrongPhonenumber_ValidPassword_phoneNumberLoginTest" time="14.681"/>
  <testcase classname="com.rebirthQuickteller.TestCases.ValidateLoginWithPhoneNumber" name="ValidPhonenumber_WrongPassword_phoneNumberLoginTest" time="14.512"/>
  <testcase classname="com.rebirthQuickteller.TestCases.ValidateLoginWithPhoneNumber" name="ValidCredential_phoneNumberLoginTest" time="13.348"/>
</testsuite> <!-- com.rebirthQuickteller.TestCases.ValidateLoginWithPhoneNumber -->
