<?xml version="1.0" encoding="UTF-8"?>
<!-- Generated by org.testng.reporters.JUnitReportReporter -->
<testsuite hostname="ISW-230323-1218" failures="0" tests="1" name="com.rebirthQuickteller.TestCases.SignUp" time="15.993" errors="0" timestamp="02 May 2023 09:26:46 GMT" skipped="0">
  <testcase classname="com.rebirthQuickteller.TestCases.SignUp" name="InvalidPhonenumberSignUp" time="15.993"/>
</testsuite> <!-- com.rebirthQuickteller.TestCases.SignUp -->
