<?xml version="1.0" encoding="UTF-8"?>
<!-- Generated by org.testng.reporters.JUnitReportReporter -->
<testsuite hostname="ISW-230323-1218" failures="0" tests="1" name="com.rebirthQuickteller.TestCases.ValidateLogiin" time="12.836" errors="0" timestamp="04 Apr 2023 09:36:03 GMT" skipped="0">
  <testcase classname="com.rebirthQuickteller.TestCases.ValidateLogiin" name="RebirthQuicktellerSignin" time="12.836"/>
</testsuite> <!-- com.rebirthQuickteller.TestCases.ValidateLogiin -->
