<?xml version="1.0" encoding="UTF-8"?>
<!-- Generated by org.testng.reporters.JUnitReportReporter -->
<testsuite hostname="ISW-230323-1218" failures="0" tests="1" name="com.rebirthQuickteller.TestCases.forgotPassword" time="9.939" errors="0" timestamp="04 Apr 2023 13:01:04 GMT" skipped="0">
  <testcase classname="com.rebirthQuickteller.TestCases.forgotPassword" name="check" time="9.939"/>
</testsuite> <!-- com.rebirthQuickteller.TestCases.forgotPassword -->
