<?xml version="1.0" encoding="UTF-8"?>
<!-- Generated by org.testng.reporters.JUnitReportReporter -->
<testsuite hostname="ISW-230323-1218" failures="0" tests="2" name="com.rebirthQuickteller.TestCases.WrongEmail_ValidPasswordLogin" time="25.818" errors="0" timestamp="05 Apr 2023 12:57:18 GMT" skipped="0">
  <testcase classname="com.rebirthQuickteller.TestCases.WrongEmail_ValidPasswordLogin" name="RebirthQuicktellerInvalidSignin" time="13.108"/>
  <testcase classname="com.rebirthQuickteller.TestCases.WrongEmail_ValidPasswordLogin" name="RebirthQuicktellerSignin" time="12.710"/>
</testsuite> <!-- com.rebirthQuickteller.TestCases.WrongEmail_ValidPasswordLogin -->
